#
# There is insufficient memory for the Java Runtime Environment to continue.
# Native memory allocation (mmap) failed to map 2097152 bytes for G1 virtual space
# Possible reasons:
#   The system is out of physical RAM or swap space
#   The process is running with CompressedOops enabled, and the Java Heap may be blocking the growth of the native heap
# Possible solutions:
#   Reduce memory load on the system
#   Increase physical memory or swap space
#   Check if swap backing store is full
#   Decrease Java heap size (-Xmx/-Xms)
#   Decrease number of Java threads
#   Decrease Java thread stack sizes (-Xss)
#   Set larger code cache with -XX:ReservedCodeCacheSize=
#   JVM is running with Unscaled Compressed Oops mode in which the Java heap is
#     placed in the first 4GB address space. The Java Heap base address is the
#     maximum limit for the native heap growth. Please use -XX:HeapBaseMinAddress
#     to set the Java Heap base and to place the Java Heap above 4GB virtual address.
# This output file may be truncated or incomplete.
#
#  Out of Memory Error (os_windows.cpp:3535), pid=18196, tid=10836
#
# JRE version: OpenJDK Runtime Environment Temurin-17.0.3+7 (17.0.3+7) (build 17.0.3+7)
# Java VM: OpenJDK 64-Bit Server VM Temurin-17.0.3+7 (17.0.3+7, mixed mode, tiered, compressed oops, compressed class ptrs, g1 gc, windows-amd64)
# No core dump will be written. Minidumps are not enabled by default on client versions of Windows
#

---------------  S U M M A R Y ------------

Command Line: -Dfile.encoding=UTF-8 -XX:+ShowCodeDetailsInExceptionMessages com.example.GreetingApp.GreetingAppApplication

Host: Intel(R) Core(TM) i5-6200U CPU @ 2.30GHz, 4 cores, 3G,  Windows 10 , 64 bit Build 19041 (10.0.19041.1806)
Time: Sun Aug  7 23:19:19 2022 India Standard Time elapsed time: 366.311342 seconds (0d 0h 6m 6s)

---------------  T H R E A D  ---------------

Current thread (0x0000024f7ac62640):  VMThread "VM Thread" [stack: 0x000000b362e00000,0x000000b362f00000] [id=10836]

Stack: [0x000000b362e00000,0x000000b362f00000]
Native frames: (J=compiled Java code, j=interpreted, Vv=VM code, C=native code)
V  [jvm.dll+0x675efa]
V  [jvm.dll+0x830a24]
V  [jvm.dll+0x8321ce]
V  [jvm.dll+0x832833]
V  [jvm.dll+0x2454b5]
V  [jvm.dll+0x672de9]
V  [jvm.dll+0x667732]
V  [jvm.dll+0x3043ab]
V  [jvm.dll+0x30b8f6]
V  [jvm.dll+0x35b62e]
V  [jvm.dll+0x35b85f]
V  [jvm.dll+0x2db248]
V  [jvm.dll+0x2de2d6]
V  [jvm.dll+0x2e8998]
V  [jvm.dll+0x31cc40]
V  [jvm.dll+0x836cdb]
V  [jvm.dll+0x837a14]
V  [jvm.dll+0x837f2c]
V  [jvm.dll+0x838304]
V  [jvm.dll+0x8383d0]
V  [jvm.dll+0x7e0cfa]
V  [jvm.dll+0x674d85]
C  [ucrtbase.dll+0x21bb2]
C  [KERNEL32.DLL+0x17034]
C  [ntdll.dll+0x52651]

VM_Operation (0x000000b362aff390): G1Concurrent, mode: safepoint, requested by thread 0x0000024f63e65b60


---------------  P R O C E S S  ---------------

Threads class SMR info:
_java_thread_list=0x0000024f7db6d5b0, length=29, elements={
0x0000024f7aca1be0, 0x0000024f7aca7490, 0x0000024f7ad033a0, 0x0000024f7ad06d80,
0x0000024f7ad07730, 0x0000024f7ad080e0, 0x0000024f7ad08e70, 0x0000024f7ad6c820,
0x0000024f7b80b760, 0x0000024f7b929460, 0x0000024f7b948440, 0x0000024f7d866db0,
0x0000024f7c0ea080, 0x0000024f7e911460, 0x0000024f7ed612e0, 0x0000024f7d4a0700,
0x0000024f7d999250, 0x0000024f7f53f010, 0x0000024f7c0a8ad0, 0x0000024f7c0a7790,
0x0000024f7c0a8fa0, 0x0000024f7c0a5ab0, 0x0000024f7c0a72c0, 0x0000024f7c0a6450,
0x0000024f7c0a5f80, 0x0000024f7c0a6920, 0x0000024f7c0a6df0, 0x0000024f7c0a7c60,
0x0000024f7c0a8130
}

Java Threads: ( => current thread )
  0x0000024f7aca1be0 JavaThread "Reference Handler" daemon [_thread_blocked, id=20100, stack(0x000000b362f00000,0x000000b363000000)]
  0x0000024f7aca7490 JavaThread "Finalizer" daemon [_thread_blocked, id=19860, stack(0x000000b363000000,0x000000b363100000)]
  0x0000024f7ad033a0 JavaThread "Signal Dispatcher" daemon [_thread_blocked, id=14904, stack(0x000000b363100000,0x000000b363200000)]
  0x0000024f7ad06d80 JavaThread "Attach Listener" daemon [_thread_blocked, id=20088, stack(0x000000b363200000,0x000000b363300000)]
  0x0000024f7ad07730 JavaThread "Service Thread" daemon [_thread_blocked, id=13020, stack(0x000000b363300000,0x000000b363400000)]
  0x0000024f7ad080e0 JavaThread "Monitor Deflation Thread" daemon [_thread_blocked, id=5460, stack(0x000000b363400000,0x000000b363500000)]
  0x0000024f7ad08e70 JavaThread "C2 CompilerThread0" daemon [_thread_blocked, id=9592, stack(0x000000b363500000,0x000000b363600000)]
  0x0000024f7ad6c820 JavaThread "C1 CompilerThread0" daemon [_thread_blocked, id=14656, stack(0x000000b363600000,0x000000b363700000)]
  0x0000024f7b80b760 JavaThread "Sweeper thread" daemon [_thread_blocked, id=19960, stack(0x000000b363700000,0x000000b363800000)]
  0x0000024f7b929460 JavaThread "Notification Thread" daemon [_thread_blocked, id=20468, stack(0x000000b363800000,0x000000b363900000)]
  0x0000024f7b948440 JavaThread "Common-Cleaner" daemon [_thread_blocked, id=12828, stack(0x000000b363a00000,0x000000b363b00000)]
  0x0000024f7d866db0 JavaThread "Catalina-utility-1" [_thread_blocked, id=6116, stack(0x000000b364100000,0x000000b364200000)]
  0x0000024f7c0ea080 JavaThread "Catalina-utility-2" [_thread_blocked, id=19964, stack(0x000000b364200000,0x000000b364300000)]
  0x0000024f7e911460 JavaThread "container-0" [_thread_blocked, id=17304, stack(0x000000b364300000,0x000000b364400000)]
  0x0000024f7ed612e0 JavaThread "File Watcher" daemon [_thread_blocked, id=10584, stack(0x000000b364500000,0x000000b364600000)]
  0x0000024f7d4a0700 JavaThread "Live Reload Server" daemon [_thread_in_native, id=20156, stack(0x000000b364700000,0x000000b364800000)]
  0x0000024f7d999250 JavaThread "http-nio-8080-exec-1" daemon [_thread_blocked, id=14356, stack(0x000000b364600000,0x000000b364700000)]
  0x0000024f7f53f010 JavaThread "http-nio-8080-exec-2" daemon [_thread_blocked, id=18660, stack(0x000000b364800000,0x000000b364900000)]
  0x0000024f7c0a8ad0 JavaThread "http-nio-8080-exec-3" daemon [_thread_blocked, id=7404, stack(0x000000b364900000,0x000000b364a00000)]
  0x0000024f7c0a7790 JavaThread "http-nio-8080-exec-4" daemon [_thread_blocked, id=18468, stack(0x000000b364a00000,0x000000b364b00000)]
  0x0000024f7c0a8fa0 JavaThread "http-nio-8080-exec-5" daemon [_thread_blocked, id=13456, stack(0x000000b364b00000,0x000000b364c00000)]
  0x0000024f7c0a5ab0 JavaThread "http-nio-8080-exec-6" daemon [_thread_blocked, id=17288, stack(0x000000b364c00000,0x000000b364d00000)]
  0x0000024f7c0a72c0 JavaThread "http-nio-8080-exec-7" daemon [_thread_blocked, id=11520, stack(0x000000b364d00000,0x000000b364e00000)]
  0x0000024f7c0a6450 JavaThread "http-nio-8080-exec-8" daemon [_thread_blocked, id=19444, stack(0x000000b364e00000,0x000000b364f00000)]
  0x0000024f7c0a5f80 JavaThread "http-nio-8080-exec-9" daemon [_thread_blocked, id=17188, stack(0x000000b364f00000,0x000000b365000000)]
  0x0000024f7c0a6920 JavaThread "http-nio-8080-exec-10" daemon [_thread_blocked, id=5208, stack(0x000000b365000000,0x000000b365100000)]
  0x0000024f7c0a6df0 JavaThread "http-nio-8080-Poller" daemon [_thread_in_native, id=12260, stack(0x000000b364400000,0x000000b364500000)]
  0x0000024f7c0a7c60 JavaThread "http-nio-8080-Acceptor" daemon [_thread_in_native, id=12300, stack(0x000000b365100000,0x000000b365200000)]
  0x0000024f7c0a8130 JavaThread "DestroyJavaVM" [_thread_blocked, id=772, stack(0x000000b362800000,0x000000b362900000)]

Other Threads:
=>0x0000024f7ac62640 VMThread "VM Thread" [stack: 0x000000b362e00000,0x000000b362f00000] [id=10836]
  0x0000024f7b92b940 WatcherThread [stack: 0x000000b363900000,0x000000b363a00000] [id=16868]
  0x0000024f63e5c550 GCTaskThread "GC Thread#0" [stack: 0x000000b362900000,0x000000b362a00000] [id=19636]
  0x0000024f7c14b820 GCTaskThread "GC Thread#1" [stack: 0x000000b363b00000,0x000000b363c00000] [id=16152]
  0x0000024f7cdb4880 GCTaskThread "GC Thread#2" [stack: 0x000000b363c00000,0x000000b363d00000] [id=5936]
  0x0000024f7c148cb0 GCTaskThread "GC Thread#3" [stack: 0x000000b363d00000,0x000000b363e00000] [id=19060]
  0x0000024f63e65b60 ConcurrentGCThread "G1 Main Marker" [stack: 0x000000b362a00000,0x000000b362b00000] [id=13944]
  0x0000024f63e66570 ConcurrentGCThread "G1 Conc#0" [stack: 0x000000b362b00000,0x000000b362c00000] [id=17760]
  0x0000024f63ea2360 ConcurrentGCThread "G1 Refine#0" [stack: 0x000000b362c00000,0x000000b362d00000] [id=1688]
  0x0000024f7c148f60 ConcurrentGCThread "G1 Refine#1" [stack: 0x000000b363e00000,0x000000b363f00000] [id=18420]
  0x0000024f63ea3520 ConcurrentGCThread "G1 Service" [stack: 0x000000b362d00000,0x000000b362e00000] [id=18160]

Threads with active compile tasks:

VM state: at safepoint (normal execution)

VM Mutex/Monitor currently owned by a thread:  ([mutex/lock_event])
[0x0000024f63e21f60] Threads_lock - owner thread: 0x0000024f7ac62640
[0x0000024f63e22bc0] Heap_lock - owner thread: 0x0000024f63e65b60

Heap address: 0x00000000c4a00000, size: 950 MB, Compressed Oops mode: 32-bit

CDS archive(s) not mapped
Compressed class space mapped at: 0x0000000100000000-0x0000000140000000, reserved size: 1073741824
Narrow klass base: 0x0000000000000000, Narrow klass shift: 3, Narrow klass range: 0x140000000

GC Precious Log:
 CPUs: 4 total, 4 available
 Memory: 3795M
 Large Page Support: Disabled
 NUMA Support: Disabled
 Compressed Oops: Enabled (32-bit)
 Heap Region Size: 1M
 Heap Min Capacity: 8M
 Heap Initial Capacity: 60M
 Heap Max Capacity: 950M
 Pre-touch: Disabled
 Parallel Workers: 4
 Concurrent Workers: 1
 Concurrent Refinement Workers: 4
 Periodic GC: Disabled

Heap:
 garbage-first heap   total 25600K, used 14257K [0x00000000c4a00000, 0x0000000100000000)
  region size 1024K, 2 young (2048K), 1 survivors (1024K)
 Metaspace       used 36561K, committed 36928K, reserved 1081344K
  class space    used 4236K, committed 4416K, reserved 1048576K

Heap Regions: E=young(eden), S=young(survivor), O=old, HS=humongous(starts), HC=humongous(continues), CS=collection set, F=free, OA=open archive, CA=closed archive, TAMS=top-at-mark-start (previous, next)
|   0|0x00000000c4a00000, 0x00000000c4b00000, 0x00000000c4b00000|100%| O|  |TAMS 0x00000000c4b00000, 0x00000000c4a00000| Untracked 
|   1|0x00000000c4b00000, 0x00000000c4c00000, 0x00000000c4c00000|100%| O|  |TAMS 0x00000000c4c00000, 0x00000000c4b00000| Untracked 
|   2|0x00000000c4c00000, 0x00000000c4d00000, 0x00000000c4d00000|100%| O|  |TAMS 0x00000000c4d00000, 0x00000000c4c00000| Untracked 
|   3|0x00000000c4d00000, 0x00000000c4e00000, 0x00000000c4e00000|100%| O|  |TAMS 0x00000000c4e00000, 0x00000000c4d00000| Untracked 
|   4|0x00000000c4e00000, 0x00000000c4f00000, 0x00000000c4f00000|100%| O|  |TAMS 0x00000000c4f00000, 0x00000000c4e00000| Untracked 
|   5|0x00000000c4f00000, 0x00000000c5000000, 0x00000000c5000000|100%| O|  |TAMS 0x00000000c5000000, 0x00000000c4f00000| Updating 
|   6|0x00000000c5000000, 0x00000000c5100000, 0x00000000c5100000|100%| O|  |TAMS 0x00000000c5100000, 0x00000000c5000000| Updating 
|   7|0x00000000c5100000, 0x00000000c5200000, 0x00000000c5200000|100%| O|  |TAMS 0x00000000c5200000, 0x00000000c5100000| Updating 
|   8|0x00000000c5200000, 0x00000000c5300000, 0x00000000c5300000|100%| O|  |TAMS 0x00000000c5300000, 0x00000000c5200000| Untracked 
|   9|0x00000000c5300000, 0x00000000c5400000, 0x00000000c5400000|100%| O|  |TAMS 0x00000000c5400000, 0x00000000c5300000| Untracked 
|  10|0x00000000c5400000, 0x00000000c5500000, 0x00000000c5500000|100%| O|  |TAMS 0x00000000c5500000, 0x00000000c5400000| Untracked 
|  11|0x00000000c5500000, 0x00000000c5600000, 0x00000000c5600000|100%| O|  |TAMS 0x00000000c5600000, 0x00000000c5500000| Updating 
|  12|0x00000000c5600000, 0x00000000c5700000, 0x00000000c5700000|100%| O|  |TAMS 0x00000000c5700000, 0x00000000c5600000| Updating 
|  13|0x00000000c5700000, 0x00000000c5782a00, 0x00000000c5800000| 51%| O|  |TAMS 0x00000000c5782a00, 0x00000000c5700000| Updating 
|  14|0x00000000c5800000, 0x00000000c5800000, 0x00000000c5900000|  0%| F|  |TAMS 0x00000000c5800000, 0x00000000c5800000| Untracked 
|  15|0x00000000c5900000, 0x00000000c5900000, 0x00000000c5a00000|  0%| F|  |TAMS 0x00000000c5900000, 0x00000000c5900000| Untracked 
|  16|0x00000000c5a00000, 0x00000000c5a00000, 0x00000000c5b00000|  0%| F|  |TAMS 0x00000000c5a00000, 0x00000000c5a00000| Untracked 
|  17|0x00000000c5b00000, 0x00000000c5b00000, 0x00000000c5c00000|  0%| F|  |TAMS 0x00000000c5b00000, 0x00000000c5b00000| Untracked 
|  18|0x00000000c5c00000, 0x00000000c5c69dc0, 0x00000000c5d00000| 41%| S|CS|TAMS 0x00000000c5c00000, 0x00000000c5c00000| Complete 
|  19|0x00000000c5d00000, 0x00000000c5d00000, 0x00000000c5e00000|  0%| F|  |TAMS 0x00000000c5d00000, 0x00000000c5d00000| Untracked 
|  20|0x00000000c5e00000, 0x00000000c5e00000, 0x00000000c5f00000|  0%| F|  |TAMS 0x00000000c5e00000, 0x00000000c5e00000| Untracked 
|  21|0x00000000c5f00000, 0x00000000c5f00000, 0x00000000c6000000|  0%| F|  |TAMS 0x00000000c5f00000, 0x00000000c5f00000| Untracked 
|  35|0x00000000c6d00000, 0x00000000c6d00000, 0x00000000c6e00000|  0%| F|  |TAMS 0x00000000c6d00000, 0x00000000c6d00000| Untracked 
|  36|0x00000000c6e00000, 0x00000000c6e00000, 0x00000000c6f00000|  0%| F|  |TAMS 0x00000000c6e00000, 0x00000000c6e00000| Untracked 
|  59|0x00000000c8500000, 0x00000000c8511d20, 0x00000000c8600000|  6%| E|  |TAMS 0x00000000c8500000, 0x00000000c8500000| Complete 

Card table byte_map: [0x0000024f766c0000,0x0000024f768a0000] _byte_map_base: 0x0000024f7609b000

Marking Bits (Prev, Next): (CMBitMap*) 0x0000024f63e5db70, (CMBitMap*) 0x0000024f63e5dbb0
 Prev Bits: [0x0000024f76a80000, 0x0000024f77958000)
 Next Bits: [0x0000024f77960000, 0x0000024f78838000)

Polling page: 0x0000024f63600000

Metaspace:

Usage:
  Non-class:     31.57 MB used.
      Class:      4.14 MB used.
       Both:     35.70 MB used.

Virtual space:
  Non-class space:       32.00 MB reserved,      31.75 MB (>99%) committed,  4 nodes.
      Class space:        1.00 GB reserved,       4.31 MB ( <1%) committed,  1 nodes.
             Both:        1.03 GB reserved,      36.06 MB (  3%) committed. 

Chunk freelists:
   Non-Class:  288.00 KB
       Class:  3.52 MB
        Both:  3.80 MB

MaxMetaspaceSize: unlimited
CompressedClassSpaceSize: 1.00 GB
Initial GC threshold: 21.00 MB
Current GC threshold: 58.69 MB
CDS: off
MetaspaceReclaimPolicy: balanced
 - commit_granule_bytes: 65536.
 - commit_granule_words: 8192.
 - virtual_space_node_default_size: 1048576.
 - enlarge_chunks_in_place: 1.
 - new_chunks_are_fully_committed: 0.
 - uncommit_free_chunks: 1.
 - use_allocation_guard: 0.
 - handle_deallocations: 1.


Internal statistics:

num_allocs_failed_limit: 5.
num_arena_births: 324.
num_arena_deaths: 0.
num_vsnodes_births: 5.
num_vsnodes_deaths: 0.
num_space_committed: 577.
num_space_uncommitted: 0.
num_chunks_returned_to_freelist: 5.
num_chunks_taken_from_freelist: 1315.
num_chunk_merges: 5.
num_chunk_splits: 866.
num_chunks_enlarged: 629.
num_purges: 0.
num_inconsistent_stats: 0.

CodeHeap 'non-profiled nmethods': size=120000Kb used=2092Kb max_used=2092Kb free=117908Kb
 bounds [0x0000024f6efb0000, 0x0000024f6f220000, 0x0000024f764e0000]
CodeHeap 'profiled nmethods': size=120000Kb used=8102Kb max_used=8102Kb free=111897Kb
 bounds [0x0000024f67a80000, 0x0000024f68270000, 0x0000024f6efb0000]
CodeHeap 'non-nmethods': size=5760Kb used=1195Kb max_used=1259Kb free=4564Kb
 bounds [0x0000024f674e0000, 0x0000024f67750000, 0x0000024f67a80000]
 total_blobs=4297 nmethods=3802 adapters=407
 compilation: enabled
              stopped_count=0, restarted_count=0
 full_count=0

Compilation events (20 events):
Event: 324.293 Thread 0x0000024f7ad6c820 3797       3       java.util.concurrent.ThreadPoolExecutor::ensurePrestart (41 bytes)
Event: 324.294 Thread 0x0000024f7ad6c820 nmethod 3797 0x0000024f68260290 code [0x0000024f68260460, 0x0000024f68260738]
Event: 328.228 Thread 0x0000024f7ad6c820 3798       3       java.util.concurrent.ScheduledThreadPoolExecutor$DelayedWorkQueue::take (5 bytes)
Event: 328.229 Thread 0x0000024f7ad6c820 nmethod 3798 0x0000024f68260890 code [0x0000024f68260a40, 0x0000024f68260b88]
Event: 328.229 Thread 0x0000024f7ad6c820 3799   !   3       java.util.concurrent.ScheduledThreadPoolExecutor$DelayedWorkQueue::take (203 bytes)
Event: 328.235 Thread 0x0000024f7ad6c820 nmethod 3799 0x0000024f68260c10 code [0x0000024f68260fa0, 0x0000024f682627a8]
Event: 330.231 Thread 0x0000024f7ad6c820 3800       3       java.util.concurrent.ScheduledThreadPoolExecutor$DelayedWorkQueue::siftDown (119 bytes)
Event: 330.235 Thread 0x0000024f7ad6c820 nmethod 3800 0x0000024f68263290 code [0x0000024f68263500, 0x0000024f68264438]
Event: 330.235 Thread 0x0000024f7ad6c820 3801       3       java.util.concurrent.ThreadPoolExecutor::beforeExecute (1 bytes)
Event: 330.235 Thread 0x0000024f7ad6c820 nmethod 3801 0x0000024f68264910 code [0x0000024f68264aa0, 0x0000024f68264bb8]
Event: 330.235 Thread 0x0000024f7ad6c820 3802       3       java.util.concurrent.ScheduledThreadPoolExecutor$ScheduledFutureTask::run (57 bytes)
Event: 330.236 Thread 0x0000024f7ad6c820 nmethod 3802 0x0000024f68264c90 code [0x0000024f68264ea0, 0x0000024f68265338]
Event: 330.237 Thread 0x0000024f7ad6c820 3803   !   3       java.util.concurrent.FutureTask::runAndReset (125 bytes)
Event: 330.243 Thread 0x0000024f7ad6c820 nmethod 3803 0x0000024f68265490 code [0x0000024f68265900, 0x0000024f68267da8]
Event: 330.243 Thread 0x0000024f7ad6c820 3804       3       java.util.concurrent.Executors$RunnableAdapter::call (14 bytes)
Event: 330.243 Thread 0x0000024f7ad6c820 nmethod 3804 0x0000024f68268910 code [0x0000024f68268ac0, 0x0000024f68268ca8]
Event: 330.243 Thread 0x0000024f7ad6c820 3805       3       java.util.concurrent.ScheduledThreadPoolExecutor$ScheduledFutureTask::setNextRunTime (38 bytes)
Event: 330.244 Thread 0x0000024f7ad6c820 nmethod 3805 0x0000024f68268d90 code [0x0000024f68268f40, 0x0000024f68269168]
Event: 331.230 Thread 0x0000024f7ad6c820 3806       3       java.util.concurrent.locks.AbstractQueuedSynchronizer$ConditionNode::block (15 bytes)
Event: 331.231 Thread 0x0000024f7ad6c820 nmethod 3806 0x0000024f68269290 code [0x0000024f68269460, 0x0000024f68269888]

GC Heap History (20 events):
Event: 7.287 GC heap before
{Heap before GC invocations=6 (full 0):
 garbage-first heap   total 24576K, used 17269K [0x00000000c4a00000, 0x0000000100000000)
  region size 1024K, 11 young (11264K), 2 survivors (2048K)
 Metaspace       used 25984K, committed 26240K, reserved 1073152K
  class space    used 2895K, committed 3008K, reserved 1048576K
}
Event: 7.291 GC heap after
{Heap after GC invocations=7 (full 0):
 garbage-first heap   total 24576K, used 8273K [0x00000000c4a00000, 0x0000000100000000)
  region size 1024K, 2 young (2048K), 2 survivors (2048K)
 Metaspace       used 25984K, committed 26240K, reserved 1073152K
  class space    used 2895K, committed 3008K, reserved 1048576K
}
Event: 7.892 GC heap before
{Heap before GC invocations=7 (full 0):
 garbage-first heap   total 24576K, used 16465K [0x00000000c4a00000, 0x0000000100000000)
  region size 1024K, 10 young (10240K), 2 survivors (2048K)
 Metaspace       used 27877K, committed 28096K, reserved 1081344K
  class space    used 3155K, committed 3264K, reserved 1048576K
}
Event: 7.895 GC heap after
{Heap after GC invocations=8 (full 0):
 garbage-first heap   total 24576K, used 9018K [0x00000000c4a00000, 0x0000000100000000)
  region size 1024K, 2 young (2048K), 2 survivors (2048K)
 Metaspace       used 27877K, committed 28096K, reserved 1081344K
  class space    used 3155K, committed 3264K, reserved 1048576K
}
Event: 8.422 GC heap before
{Heap before GC invocations=8 (full 0):
 garbage-first heap   total 24576K, used 17210K [0x00000000c4a00000, 0x0000000100000000)
  region size 1024K, 10 young (10240K), 2 survivors (2048K)
 Metaspace       used 29945K, committed 30208K, reserved 1081344K
  class space    used 3454K, committed 3584K, reserved 1048576K
}
Event: 8.427 GC heap after
{Heap after GC invocations=9 (full 0):
 garbage-first heap   total 24576K, used 10182K [0x00000000c4a00000, 0x0000000100000000)
  region size 1024K, 2 young (2048K), 2 survivors (2048K)
 Metaspace       used 29945K, committed 30208K, reserved 1081344K
  class space    used 3454K, committed 3584K, reserved 1048576K
}
Event: 19.985 GC heap before
{Heap before GC invocations=9 (full 0):
 garbage-first heap   total 24576K, used 17350K [0x00000000c4a00000, 0x0000000100000000)
  region size 1024K, 10 young (10240K), 2 survivors (2048K)
 Metaspace       used 31839K, committed 32192K, reserved 1081344K
  class space    used 3644K, committed 3776K, reserved 1048576K
}
Event: 19.991 GC heap after
{Heap after GC invocations=10 (full 0):
 garbage-first heap   total 24576K, used 11391K [0x00000000c4a00000, 0x0000000100000000)
  region size 1024K, 2 young (2048K), 2 survivors (2048K)
 Metaspace       used 31839K, committed 32192K, reserved 1081344K
  class space    used 3644K, committed 3776K, reserved 1048576K
}
Event: 21.433 GC heap before
{Heap before GC invocations=10 (full 0):
 garbage-first heap   total 24576K, used 17535K [0x00000000c4a00000, 0x0000000100000000)
  region size 1024K, 8 young (8192K), 2 survivors (2048K)
 Metaspace       used 32997K, committed 33344K, reserved 1081344K
  class space    used 3778K, committed 3904K, reserved 1048576K
}
Event: 21.437 GC heap after
{Heap after GC invocations=11 (full 0):
 garbage-first heap   total 24576K, used 11872K [0x00000000c4a00000, 0x0000000100000000)
  region size 1024K, 1 young (1024K), 1 survivors (1024K)
 Metaspace       used 32997K, committed 33344K, reserved 1081344K
  class space    used 3778K, committed 3904K, reserved 1048576K
}
Event: 21.801 GC heap before
{Heap before GC invocations=11 (full 0):
 garbage-first heap   total 24576K, used 16992K [0x00000000c4a00000, 0x0000000100000000)
  region size 1024K, 6 young (6144K), 1 survivors (1024K)
 Metaspace       used 33814K, committed 34176K, reserved 1081344K
  class space    used 3882K, committed 4032K, reserved 1048576K
}
Event: 21.807 GC heap after
{Heap after GC invocations=12 (full 0):
 garbage-first heap   total 24576K, used 12551K [0x00000000c4a00000, 0x0000000100000000)
  region size 1024K, 1 young (1024K), 1 survivors (1024K)
 Metaspace       used 33814K, committed 34176K, reserved 1081344K
  class space    used 3882K, committed 4032K, reserved 1048576K
}
Event: 22.612 GC heap before
{Heap before GC invocations=13 (full 0):
 garbage-first heap   total 24576K, used 17671K [0x00000000c4a00000, 0x0000000100000000)
  region size 1024K, 6 young (6144K), 1 survivors (1024K)
 Metaspace       used 34760K, committed 35072K, reserved 1081344K
  class space    used 4020K, committed 4160K, reserved 1048576K
}
Event: 22.615 GC heap after
{Heap after GC invocations=14 (full 0):
 garbage-first heap   total 24576K, used 13302K [0x00000000c4a00000, 0x0000000100000000)
  region size 1024K, 1 young (1024K), 1 survivors (1024K)
 Metaspace       used 34760K, committed 35072K, reserved 1081344K
  class space    used 4020K, committed 4160K, reserved 1048576K
}
Event: 23.472 GC heap before
{Heap before GC invocations=14 (full 0):
 garbage-first heap   total 24576K, used 18422K [0x00000000c4a00000, 0x0000000100000000)
  region size 1024K, 6 young (6144K), 1 survivors (1024K)
 Metaspace       used 35613K, committed 35904K, reserved 1081344K
  class space    used 4134K, committed 4288K, reserved 1048576K
}
Event: 23.474 GC heap after
{Heap after GC invocations=15 (full 0):
 garbage-first heap   total 24576K, used 13886K [0x00000000c4a00000, 0x0000000100000000)
  region size 1024K, 1 young (1024K), 1 survivors (1024K)
 Metaspace       used 35613K, committed 35904K, reserved 1081344K
  class space    used 4134K, committed 4288K, reserved 1048576K
}
Event: 97.290 GC heap before
{Heap before GC invocations=16 (full 0):
 garbage-first heap   total 25600K, used 19006K [0x00000000c4a00000, 0x0000000100000000)
  region size 1024K, 6 young (6144K), 1 survivors (1024K)
 Metaspace       used 36480K, committed 36864K, reserved 1081344K
  class space    used 4236K, committed 4416K, reserved 1048576K
}
Event: 97.294 GC heap after
{Heap after GC invocations=17 (full 0):
 garbage-first heap   total 25600K, used 14279K [0x00000000c4a00000, 0x0000000100000000)
  region size 1024K, 1 young (1024K), 1 survivors (1024K)
 Metaspace       used 36480K, committed 36864K, reserved 1081344K
  class space    used 4236K, committed 4416K, reserved 1048576K
}
Event: 366.257 GC heap before
{Heap before GC invocations=17 (full 0):
 garbage-first heap   total 25600K, used 19399K [0x00000000c4a00000, 0x0000000100000000)
  region size 1024K, 6 young (6144K), 1 survivors (1024K)
 Metaspace       used 36561K, committed 36928K, reserved 1081344K
  class space    used 4236K, committed 4416K, reserved 1048576K
}
Event: 366.259 GC heap after
{Heap after GC invocations=18 (full 0):
 garbage-first heap   total 25600K, used 14257K [0x00000000c4a00000, 0x0000000100000000)
  region size 1024K, 1 young (1024K), 1 survivors (1024K)
 Metaspace       used 36561K, committed 36928K, reserved 1081344K
  class space    used 4236K, committed 4416K, reserved 1048576K
}

Deoptimization events (20 events):
Event: 23.505 Thread 0x0000024f7ce5d610 Uncommon trap: trap_request=0xffffffd6 fr.pc=0x0000024f6f1904e4 relative=0x00000000000007a4
Event: 23.505 Thread 0x0000024f7ce5d610 Uncommon trap: reason=array_check action=maybe_recompile pc=0x0000024f6f1904e4 method=java.util.AbstractCollection.toArray([Ljava/lang/Object;)[Ljava/lang/Object; @ 116 c2
Event: 23.505 Thread 0x0000024f7ce5d610 DEOPT PACKING pc=0x0000024f6f1904e4 sp=0x000000b3640fc7d0
Event: 23.505 Thread 0x0000024f7ce5d610 DEOPT UNPACKING pc=0x0000024f675323a3 sp=0x000000b3640fc790 mode 2
Event: 23.505 Thread 0x0000024f7ce5d610 Uncommon trap: trap_request=0xffffffd6 fr.pc=0x0000024f6f1904e4 relative=0x00000000000007a4
Event: 23.505 Thread 0x0000024f7ce5d610 Uncommon trap: reason=array_check action=maybe_recompile pc=0x0000024f6f1904e4 method=java.util.AbstractCollection.toArray([Ljava/lang/Object;)[Ljava/lang/Object; @ 116 c2
Event: 23.505 Thread 0x0000024f7ce5d610 DEOPT PACKING pc=0x0000024f6f1904e4 sp=0x000000b3640fc260
Event: 23.505 Thread 0x0000024f7ce5d610 DEOPT UNPACKING pc=0x0000024f675323a3 sp=0x000000b3640fc220 mode 2
Event: 23.505 Thread 0x0000024f7ce5d610 Uncommon trap: trap_request=0xffffffd6 fr.pc=0x0000024f6f1904e4 relative=0x00000000000007a4
Event: 23.505 Thread 0x0000024f7ce5d610 Uncommon trap: reason=array_check action=maybe_recompile pc=0x0000024f6f1904e4 method=java.util.AbstractCollection.toArray([Ljava/lang/Object;)[Ljava/lang/Object; @ 116 c2
Event: 23.505 Thread 0x0000024f7ce5d610 DEOPT PACKING pc=0x0000024f6f1904e4 sp=0x000000b3640fc4e0
Event: 23.505 Thread 0x0000024f7ce5d610 DEOPT UNPACKING pc=0x0000024f675323a3 sp=0x000000b3640fc4a0 mode 2
Event: 24.157 Thread 0x0000024f7ce5d610 Uncommon trap: trap_request=0xffffff45 fr.pc=0x0000024f6f11adb4 relative=0x0000000000001774
Event: 24.157 Thread 0x0000024f7ce5d610 Uncommon trap: reason=unstable_if action=reinterpret pc=0x0000024f6f11adb4 method=java.lang.String.<init>([BIILjava/nio/charset/Charset;)V @ 18 c2
Event: 24.157 Thread 0x0000024f7ce5d610 DEOPT PACKING pc=0x0000024f6f11adb4 sp=0x000000b3640fd410
Event: 24.157 Thread 0x0000024f7ce5d610 DEOPT UNPACKING pc=0x0000024f675323a3 sp=0x000000b3640fd3d0 mode 2
Event: 24.227 Thread 0x0000024f7ce5d610 Uncommon trap: trap_request=0xffffff45 fr.pc=0x0000024f6f039660 relative=0x0000000000000060
Event: 24.227 Thread 0x0000024f7ce5d610 Uncommon trap: reason=unstable_if action=reinterpret pc=0x0000024f6f039660 method=org.springframework.util.ConcurrentReferenceHashMap$Segment.clear()V @ 7 c2
Event: 24.227 Thread 0x0000024f7ce5d610 DEOPT PACKING pc=0x0000024f6f039660 sp=0x000000b3640fdef0
Event: 24.227 Thread 0x0000024f7ce5d610 DEOPT UNPACKING pc=0x0000024f675323a3 sp=0x000000b3640fde80 mode 2

Classes unloaded (0 events):
No events

Classes redefined (0 events):
No events

Internal exceptions (20 events):
Event: 21.411 Thread 0x0000024f7ce5d610 Exception <a 'java/io/FileNotFoundException'{0x00000000c5cf2c88}> (0x00000000c5cf2c88) 
thrown [e:\jenkins\tmp\workspace\build\src\src\hotspot\share\prims\jni.cpp, line 516]
Event: 21.599 Thread 0x0000024f7ce5d610 Exception <a 'java/lang/ClassNotFoundException'{0x00000000c6d18828}: java/lang/ObjectCustomizer> (0x00000000c6d18828) 
thrown [e:\jenkins\tmp\workspace\build\src\src\hotspot\share\classfile\systemDictionary.cpp, line 256]
Event: 21.600 Thread 0x0000024f7ce5d610 Exception <a 'java/lang/ClassNotFoundException'{0x00000000c6d200d8}: org/springframework/web/servlet/config/annotation/WebMvcConfigurationSupportCustomizer> (0x00000000c6d200d8) 
thrown [e:\jenkins\tmp\workspace\build\src\src\hotspot\share\classfile\systemDictionary.cpp, line 256]
Event: 21.603 Thread 0x0000024f7ce5d610 Exception <a 'java/lang/ClassNotFoundException'{0x00000000c6d33db0}: org/springframework/web/servlet/config/annotation/DelegatingWebMvcConfigurationCustomizer> (0x00000000c6d33db0) 
thrown [e:\jenkins\tmp\workspace\build\src\src\hotspot\share\classfile\systemDictionary.cpp, line 256]
Event: 21.604 Thread 0x0000024f7ce5d610 Exception <a 'java/lang/ClassNotFoundException'{0x00000000c6d3ced8}: org/springframework/boot/autoconfigure/web/servlet/WebMvcAutoConfiguration$EnableWebMvcConfigurationCustomizer> (0x00000000c6d3ced8) 
thrown [e:\jenkins\tmp\workspace\build\src\src\hotspot\share\classfile\systemDictionary.cpp, line 256]
Event: 21.606 Thread 0x0000024f7ce5d610 Exception <a 'java/lang/ClassNotFoundException'{0x00000000c6d4fc20}: org/springframework/context/ResourceLoaderAwareCustomizer> (0x00000000c6d4fc20) 
thrown [e:\jenkins\tmp\workspace\build\src\src\hotspot\share\classfile\systemDictionary.cpp, line 256]
Event: 21.607 Thread 0x0000024f7ce5d610 Exception <a 'java/lang/ClassNotFoundException'{0x00000000c6d545f0}: org/springframework/beans/factory/AwareCustomizer> (0x00000000c6d545f0) 
thrown [e:\jenkins\tmp\workspace\build\src\src\hotspot\share\classfile\systemDictionary.cpp, line 256]
Event: 21.607 Thread 0x0000024f7ce5d610 Exception <a 'java/lang/ClassNotFoundException'{0x00000000c6d58360}: org/springframework/context/ApplicationContextAwareCustomizer> (0x00000000c6d58360) 
thrown [e:\jenkins\tmp\workspace\build\src\src\hotspot\share\classfile\systemDictionary.cpp, line 256]
Event: 21.608 Thread 0x0000024f7ce5d610 Exception <a 'java/lang/ClassNotFoundException'{0x00000000c6d5d830}: org/springframework/beans/factory/AwareCustomizer> (0x00000000c6d5d830) 
thrown [e:\jenkins\tmp\workspace\build\src\src\hotspot\share\classfile\systemDictionary.cpp, line 256]
Event: 21.608 Thread 0x0000024f7ce5d610 Exception <a 'java/lang/ClassNotFoundException'{0x00000000c6d61578}: org/springframework/web/context/ServletContextAwareCustomizer> (0x00000000c6d61578) 
thrown [e:\jenkins\tmp\workspace\build\src\src\hotspot\share\classfile\systemDictionary.cpp, line 256]
Event: 21.609 Thread 0x0000024f7ce5d610 Exception <a 'java/lang/ClassNotFoundException'{0x00000000c6d665c0}: org/springframework/beans/factory/AwareCustomizer> (0x00000000c6d665c0) 
thrown [e:\jenkins\tmp\workspace\build\src\src\hotspot\share\classfile\systemDictionary.cpp, line 256]
Event: 22.021 Thread 0x0000024f7ce5d610 Exception <a 'java/lang/NoSuchMethodError'{0x00000000c6ea64d8}: 'void java.lang.invoke.DirectMethodHandle$Holder.invokeVirtual(java.lang.Object, java.lang.Object, int)'> (0x00000000c6ea64d8) 
thrown [e:\jenkins\tmp\workspace\build\src\src\hotspot\share\interpreter\linkResolver.cpp, line 766]
Event: 22.024 Thread 0x0000024f7ce5d610 Exception <a 'java/lang/NoSuchMethodError'{0x00000000c6ec1338}: 'void java.lang.invoke.DirectMethodHandle$Holder.invokeVirtual(java.lang.Object, java.lang.Object, long)'> (0x00000000c6ec1338) 
thrown [e:\jenkins\tmp\workspace\build\src\src\hotspot\share\interpreter\linkResolver.cpp, line 766]
Event: 22.767 Thread 0x0000024f7ce5d610 Exception <a 'java/lang/IncompatibleClassChangeError'{0x00000000c6e84b38}: Found class java.lang.Object, but interface was expected> (0x00000000c6e84b38) 
thrown [e:\jenkins\tmp\workspace\build\src\src\hotspot\share\interpreter\linkResolver.cpp, line 833]
Event: 22.889 Thread 0x0000024f7ce5d610 Exception <a 'java/lang/NoSuchMethodError'{0x00000000c6dbcc20}: 'int java.lang.invoke.DirectMethodHandle$Holder.invokeStaticInit(java.lang.Object, java.lang.Object, java.lang.Object, java.lang.Object)'> (0x00000000c6dbcc20) 
thrown [e:\jenkins\tmp\workspace\build\src\src\hotspot\share\interpreter\linkResolver.cpp, line 766]
Event: 23.685 Thread 0x0000024f7ce5d610 Exception <a 'java/lang/NoSuchMethodError'{0x00000000c6e47c38}: 'java.lang.Object java.lang.invoke.DirectMethodHandle$Holder.newInvokeSpecial(java.lang.Object, java.lang.Object, int, java.lang.Object, java.lang.Object)'> (0x00000000c6e47c38) 
thrown [e:\jenkins\tmp\workspace\build\src\src\hotspot\share\interpreter\linkResolver.cpp, line 766]
Event: 23.687 Thread 0x0000024f7ce5d610 Exception <a 'java/lang/NoSuchMethodError'{0x00000000c6e536e0}: 'java.lang.Object java.lang.invoke.DirectMethodHandle$Holder.invokeSpecial(java.lang.Object, java.lang.Object, int, java.lang.Object, int, java.lang.Object)'> (0x00000000c6e536e0) 
thrown [e:\jenkins\tmp\workspace\build\src\src\hotspot\share\interpreter\linkResolver.cpp, line 766]
Event: 23.688 Thread 0x0000024f7ce5d610 Exception <a 'java/lang/NoSuchMethodError'{0x00000000c6e5b788}: 'java.lang.Object java.lang.invoke.DirectMethodHandle$Holder.newInvokeSpecial(java.lang.Object, java.lang.Object, int, java.lang.Object, int)'> (0x00000000c6e5b788) 
thrown [e:\jenkins\tmp\workspace\build\src\src\hotspot\share\interpreter\linkResolver.cpp, line 766]
Event: 23.688 Thread 0x0000024f7ce5d610 Exception <a 'java/lang/NoSuchMethodError'{0x00000000c6e5f888}: 'java.lang.Object java.lang.invoke.DirectMethodHandle$Holder.invokeSpecial(java.lang.Object, java.lang.Object, java.lang.Object, int, java.lang.Object, int)'> (0x00000000c6e5f888) 
thrown [e:\jenkins\tmp\workspace\build\src\src\hotspot\share\interpreter\linkResolver.cpp, line 766]
Event: 23.691 Thread 0x0000024f7ce5d610 Exception <a 'java/lang/NoSuchMethodError'{0x00000000c6e69a78}: 'void java.lang.invoke.DirectMethodHandle$Holder.invokeVirtual(java.lang.Object, java.lang.Object)'> (0x00000000c6e69a78) 
thrown [e:\jenkins\tmp\workspace\build\src\src\hotspot\share\interpreter\linkResolver.cpp, line 766]

VM Operations (20 events):
Event: 221.456 Executing VM operation: Cleanup done
Event: 222.464 Executing VM operation: Cleanup
Event: 222.464 Executing VM operation: Cleanup done
Event: 227.519 Executing VM operation: Cleanup
Event: 227.519 Executing VM operation: Cleanup done
Event: 228.532 Executing VM operation: Cleanup
Event: 228.532 Executing VM operation: Cleanup done
Event: 276.992 Executing VM operation: Cleanup
Event: 276.992 Executing VM operation: Cleanup done
Event: 282.026 Executing VM operation: Cleanup
Event: 282.026 Executing VM operation: Cleanup done
Event: 302.233 Executing VM operation: Cleanup
Event: 302.233 Executing VM operation: Cleanup done
Event: 329.547 Executing VM operation: Cleanup
Event: 329.547 Executing VM operation: Cleanup done
Event: 331.572 Executing VM operation: Cleanup
Event: 331.572 Executing VM operation: Cleanup done
Event: 366.257 Executing VM operation: G1CollectForAllocation
Event: 366.259 Executing VM operation: G1CollectForAllocation done
Event: 366.289 Executing VM operation: G1Concurrent

Events (20 events):
Event: 24.242 loading class java/util/IdentityHashMap$KeyIterator
Event: 24.243 loading class java/util/IdentityHashMap$KeyIterator done
Event: 24.243 Thread 0x0000024f7ce5d610 Thread exited: 0x0000024f7ce5d610
Event: 24.243 loading class java/beans/ThreadGroupContext
Event: 24.243 loading class java/beans/ThreadGroupContext done
Event: 24.244 loading class java/beans/ThreadGroupContext$1
Event: 24.244 loading class java/beans/WeakIdentityMap
Event: 24.244 loading class java/beans/WeakIdentityMap done
Event: 24.244 loading class java/beans/ThreadGroupContext$1 done
Event: 24.244 loading class java/beans/WeakIdentityMap$Entry
Event: 24.244 loading class java/beans/WeakIdentityMap$Entry done
Event: 24.246 loading class java/util/stream/LongStream
Event: 24.247 loading class java/util/stream/LongStream done
Event: 24.247 loading class java/util/function/ToDoubleFunction
Event: 24.247 loading class java/util/function/ToDoubleFunction done
Event: 24.247 loading class java/util/stream/DoubleStream
Event: 24.247 loading class java/util/stream/DoubleStream done
Event: 24.248 Thread 0x0000024f7c14bad0 Thread exited: 0x0000024f7c14bad0
Event: 24.248 Thread 0x0000024f61e0d3d0 Thread exited: 0x0000024f61e0d3d0
Event: 24.248 Thread 0x0000024f7c0a8130 Thread added: 0x0000024f7c0a8130


Dynamic libraries:
0x00007ff780750000 - 0x00007ff78075e000 	C:\Users\cheti\Downloads\sts-4.15.2.RELEASE\plugins\org.eclipse.justj.openjdk.hotspot.jre.full.win32.x86_64_17.0.3.v20220515-1416\jre\bin\javaw.exe
0x00007ffa9a530000 - 0x00007ffa9a728000 	C:\WINDOWS\SYSTEM32\ntdll.dll
0x00007ffa9a270000 - 0x00007ffa9a32d000 	C:\WINDOWS\System32\KERNEL32.DLL
0x00007ffa97da0000 - 0x00007ffa9806e000 	C:\WINDOWS\System32\KERNELBASE.dll
0x00007ffa97c50000 - 0x00007ffa97d50000 	C:\WINDOWS\System32\ucrtbase.dll
0x00007ffa91130000 - 0x00007ffa91148000 	C:\Users\cheti\Downloads\sts-4.15.2.RELEASE\plugins\org.eclipse.justj.openjdk.hotspot.jre.full.win32.x86_64_17.0.3.v20220515-1416\jre\bin\jli.dll
0x00007ffa98a10000 - 0x00007ffa98bb0000 	C:\WINDOWS\System32\USER32.dll
0x00007ffa981e0000 - 0x00007ffa98202000 	C:\WINDOWS\System32\win32u.dll
0x00007ffa98910000 - 0x00007ffa9893a000 	C:\WINDOWS\System32\GDI32.dll
0x00007ffa98280000 - 0x00007ffa9838b000 	C:\WINDOWS\System32\gdi32full.dll
0x00007ffa98390000 - 0x00007ffa9842d000 	C:\WINDOWS\System32\msvcp_win.dll
0x00007ffa94a80000 - 0x00007ffa94a99000 	C:\Users\cheti\Downloads\sts-4.15.2.RELEASE\plugins\org.eclipse.justj.openjdk.hotspot.jre.full.win32.x86_64_17.0.3.v20220515-1416\jre\bin\VCRUNTIME140.dll
0x00007ffa8eae0000 - 0x00007ffa8ed7a000 	C:\WINDOWS\WinSxS\amd64_microsoft.windows.common-controls_6595b64144ccf1df_6.0.19041.1110_none_60b5254171f9507e\COMCTL32.dll
0x00007ffa9a3f0000 - 0x00007ffa9a48e000 	C:\WINDOWS\System32\msvcrt.dll
0x00007ffa991f0000 - 0x00007ffa99220000 	C:\WINDOWS\System32\IMM32.DLL
0x00007ffa94a70000 - 0x00007ffa94a7c000 	C:\Users\cheti\Downloads\sts-4.15.2.RELEASE\plugins\org.eclipse.justj.openjdk.hotspot.jre.full.win32.x86_64_17.0.3.v20220515-1416\jre\bin\vcruntime140_1.dll
0x00007ffa694c0000 - 0x00007ffa69551000 	C:\Users\cheti\Downloads\sts-4.15.2.RELEASE\plugins\org.eclipse.justj.openjdk.hotspot.jre.full.win32.x86_64_17.0.3.v20220515-1416\jre\bin\msvcp140.dll
0x00007ffa4bb40000 - 0x00007ffa4c788000 	C:\Users\cheti\Downloads\sts-4.15.2.RELEASE\plugins\org.eclipse.justj.openjdk.hotspot.jre.full.win32.x86_64_17.0.3.v20220515-1416\jre\bin\server\jvm.dll
0x00007ffa99490000 - 0x00007ffa9953e000 	C:\WINDOWS\System32\ADVAPI32.dll
0x00007ffa993f0000 - 0x00007ffa9948c000 	C:\WINDOWS\System32\sechost.dll
0x00007ffa9a050000 - 0x00007ffa9a175000 	C:\WINDOWS\System32\RPCRT4.dll
0x00007ffa9a260000 - 0x00007ffa9a268000 	C:\WINDOWS\System32\PSAPI.DLL
0x00007ffa94fa0000 - 0x00007ffa94fa9000 	C:\WINDOWS\SYSTEM32\WSOCK32.dll
0x00007ffa99380000 - 0x00007ffa993eb000 	C:\WINDOWS\System32\WS2_32.dll
0x00007ffa90ea0000 - 0x00007ffa90ec7000 	C:\WINDOWS\SYSTEM32\WINMM.dll
0x00007ffa91e10000 - 0x00007ffa91e1a000 	C:\WINDOWS\SYSTEM32\VERSION.dll
0x00007ffa95b50000 - 0x00007ffa95b62000 	C:\WINDOWS\SYSTEM32\kernel.appcore.dll
0x00007ffa93a90000 - 0x00007ffa93a9a000 	C:\Users\cheti\Downloads\sts-4.15.2.RELEASE\plugins\org.eclipse.justj.openjdk.hotspot.jre.full.win32.x86_64_17.0.3.v20220515-1416\jre\bin\jimage.dll
0x00007ffa854d0000 - 0x00007ffa856b4000 	C:\WINDOWS\SYSTEM32\DBGHELP.DLL
0x00007ffa85390000 - 0x00007ffa853bc000 	C:\WINDOWS\SYSTEM32\dbgcore.DLL
0x00007ffa980a0000 - 0x00007ffa98122000 	C:\WINDOWS\System32\bcryptPrimitives.dll
0x00007ffa90c60000 - 0x00007ffa90c85000 	C:\Users\cheti\Downloads\sts-4.15.2.RELEASE\plugins\org.eclipse.justj.openjdk.hotspot.jre.full.win32.x86_64_17.0.3.v20220515-1416\jre\bin\java.dll
0x00007ffa92cd0000 - 0x00007ffa92ce8000 	C:\Users\cheti\Downloads\sts-4.15.2.RELEASE\plugins\org.eclipse.justj.openjdk.hotspot.jre.full.win32.x86_64_17.0.3.v20220515-1416\jre\bin\zip.dll
0x00007ffa998a0000 - 0x00007ffa99fe4000 	C:\WINDOWS\System32\SHELL32.dll
0x00007ffa95d50000 - 0x00007ffa964e4000 	C:\WINDOWS\SYSTEM32\windows.storage.dll
0x00007ffa99540000 - 0x00007ffa99894000 	C:\WINDOWS\System32\combase.dll
0x00007ffa975e0000 - 0x00007ffa97610000 	C:\WINDOWS\SYSTEM32\Wldp.dll
0x00007ffa99020000 - 0x00007ffa990cd000 	C:\WINDOWS\System32\SHCORE.dll
0x00007ffa9a490000 - 0x00007ffa9a4e5000 	C:\WINDOWS\System32\shlwapi.dll
0x00007ffa97b90000 - 0x00007ffa97baf000 	C:\WINDOWS\SYSTEM32\profapi.dll
0x00007ffa88b00000 - 0x00007ffa88b19000 	C:\Users\cheti\Downloads\sts-4.15.2.RELEASE\plugins\org.eclipse.justj.openjdk.hotspot.jre.full.win32.x86_64_17.0.3.v20220515-1416\jre\bin\net.dll
0x00007ffa8e3e0000 - 0x00007ffa8e4ea000 	C:\WINDOWS\SYSTEM32\WINHTTP.dll
0x00007ffa97340000 - 0x00007ffa973aa000 	C:\WINDOWS\system32\mswsock.dll
0x00007ffa88ae0000 - 0x00007ffa88af5000 	C:\Users\cheti\Downloads\sts-4.15.2.RELEASE\plugins\org.eclipse.justj.openjdk.hotspot.jre.full.win32.x86_64_17.0.3.v20220515-1416\jre\bin\nio.dll
0x00007ffa937e0000 - 0x00007ffa937f0000 	C:\Users\cheti\Downloads\sts-4.15.2.RELEASE\plugins\org.eclipse.justj.openjdk.hotspot.jre.full.win32.x86_64_17.0.3.v20220515-1416\jre\bin\verify.dll
0x00007ffa8bdf0000 - 0x00007ffa8bdf9000 	C:\Users\cheti\Downloads\sts-4.15.2.RELEASE\plugins\org.eclipse.justj.openjdk.hotspot.jre.full.win32.x86_64_17.0.3.v20220515-1416\jre\bin\management.dll
0x00007ffa8b5e0000 - 0x00007ffa8b5eb000 	C:\Users\cheti\Downloads\sts-4.15.2.RELEASE\plugins\org.eclipse.justj.openjdk.hotspot.jre.full.win32.x86_64_17.0.3.v20220515-1416\jre\bin\management_ext.dll
0x00007ffa7f780000 - 0x00007ffa7f797000 	C:\WINDOWS\system32\napinsp.dll
0x00007ffa7f760000 - 0x00007ffa7f77b000 	C:\WINDOWS\system32\pnrpnsp.dll
0x00007ffa7f740000 - 0x00007ffa7f755000 	C:\WINDOWS\system32\wshbth.dll
0x00007ffa93790000 - 0x00007ffa937ad000 	C:\WINDOWS\system32\NLAapi.dll
0x00007ffa97030000 - 0x00007ffa9706b000 	C:\WINDOWS\SYSTEM32\IPHLPAPI.DLL
0x00007ffa970c0000 - 0x00007ffa9718b000 	C:\WINDOWS\SYSTEM32\DNSAPI.dll
0x00007ffa98a00000 - 0x00007ffa98a08000 	C:\WINDOWS\System32\NSI.dll
0x00007ffa7f720000 - 0x00007ffa7f732000 	C:\WINDOWS\System32\winrnr.dll
0x00007ffa8dc10000 - 0x00007ffa8dc1a000 	C:\Windows\System32\rasadhlp.dll
0x00007ffa8dc20000 - 0x00007ffa8dca0000 	C:\WINDOWS\System32\fwpuclnt.dll
0x00007ffa98070000 - 0x00007ffa98097000 	C:\WINDOWS\System32\bcrypt.dll
0x00007ffa97530000 - 0x00007ffa97548000 	C:\WINDOWS\SYSTEM32\CRYPTSP.dll
0x00007ffa96cc0000 - 0x00007ffa96cf4000 	C:\WINDOWS\system32\rsaenh.dll
0x00007ffa97b10000 - 0x00007ffa97b3e000 	C:\WINDOWS\SYSTEM32\USERENV.dll
0x00007ffa97550000 - 0x00007ffa9755c000 	C:\WINDOWS\SYSTEM32\CRYPTBASE.dll
0x00007ffa91cb0000 - 0x00007ffa91cc7000 	C:\WINDOWS\SYSTEM32\dhcpcsvc6.DLL
0x00007ffa91d80000 - 0x00007ffa91d9d000 	C:\WINDOWS\SYSTEM32\dhcpcsvc.DLL
0x00007ffa8dce0000 - 0x00007ffa8dcee000 	C:\Users\cheti\Downloads\sts-4.15.2.RELEASE\plugins\org.eclipse.justj.openjdk.hotspot.jre.full.win32.x86_64_17.0.3.v20220515-1416\jre\bin\sunmscapi.dll
0x00007ffa98430000 - 0x00007ffa98586000 	C:\WINDOWS\System32\CRYPT32.dll
0x00007ffa97650000 - 0x00007ffa97677000 	C:\WINDOWS\SYSTEM32\ncrypt.dll
0x00007ffa97610000 - 0x00007ffa9764b000 	C:\WINDOWS\SYSTEM32\NTASN1.dll
0x00007ffa94cf0000 - 0x00007ffa94cf7000 	C:\WINDOWS\system32\wshunix.dll

dbghelp: loaded successfully - version: 4.0.5 - missing functions: none
symbol engine: initialized successfully - sym options: 0x614 - pdb path: .;C:\Users\cheti\Downloads\sts-4.15.2.RELEASE\plugins\org.eclipse.justj.openjdk.hotspot.jre.full.win32.x86_64_17.0.3.v20220515-1416\jre\bin;C:\WINDOWS\SYSTEM32;C:\WINDOWS\WinSxS\amd64_microsoft.windows.common-controls_6595b64144ccf1df_6.0.19041.1110_none_60b5254171f9507e;C:\Users\cheti\Downloads\sts-4.15.2.RELEASE\plugins\org.eclipse.justj.openjdk.hotspot.jre.full.win32.x86_64_17.0.3.v20220515-1416\jre\bin\server

VM Arguments:
jvm_args: -Dfile.encoding=UTF-8 -XX:+ShowCodeDetailsInExceptionMessages 
java_command: com.example.GreetingApp.GreetingAppApplication
java_class_path (initial): C:\Users\cheti\Downloads\GgreetingApp\GgreetingApp\target\classes;C:\Users\cheti\.m2\repository\org\projectlombok\lombok\1.18.24\lombok-1.18.24.jar;C:\Users\cheti\.m2\repository\org\springframework\boot\spring-boot-starter-thymeleaf\2.7.2\spring-boot-starter-thymeleaf-2.7.2.jar;C:\Users\cheti\.m2\repository\org\springframework\boot\spring-boot-starter\2.7.2\spring-boot-starter-2.7.2.jar;C:\Users\cheti\.m2\repository\org\springframework\boot\spring-boot-starter-logging\2.7.2\spring-boot-starter-logging-2.7.2.jar;C:\Users\cheti\.m2\repository\ch\qos\logback\logback-classic\1.2.11\logback-classic-1.2.11.jar;C:\Users\cheti\.m2\repository\ch\qos\logback\logback-core\1.2.11\logback-core-1.2.11.jar;C:\Users\cheti\.m2\repository\org\apache\logging\log4j\log4j-to-slf4j\2.17.2\log4j-to-slf4j-2.17.2.jar;C:\Users\cheti\.m2\repository\org\apache\logging\log4j\log4j-api\2.17.2\log4j-api-2.17.2.jar;C:\Users\cheti\.m2\repository\org\slf4j\jul-to-slf4j\1.7.36\jul-to-slf4j-1.7.36.jar;C:\Users\cheti\.m2\repository\jakarta\annotation\jakarta.annotation-api\1.3.5\jakarta.annotation-api-1.3.5.jar;C:\Users\cheti\.m2\repository\org\yaml\snakeyaml\1.30\snakeyaml-1.30.jar;C:\Users\cheti\.m2\repository\org\thymeleaf\thymeleaf-spring5\3.0.15.RELEASE\thymeleaf-spring5-3.0.15.RELEASE.jar;C:\Users\cheti\.m2\repository\org\thymeleaf\thymeleaf\3.0.15.RELEASE\thymeleaf-3.0.15.RELEASE.jar;C:\Users\cheti\.m2\repository\org\attoparser\attoparser\2.0.5.RELEASE\attoparser-2.0.5.RELEASE.jar;C:\Users\cheti\.m2\repository\org\unbescape\unbescape\1.1.6.RELEASE\unbescape-1.1.6.RELEASE.jar;C:\Users\cheti\.m2\repository\org\slf4j\slf4j-api\1.7.36\slf4j-api-1.7.36.jar;C:\Users\cheti\.m2\repository\org\thymeleaf\extras\thymeleaf-extras-java8time\3.0.4.RELEASE\thymeleaf-extras-java8time-3.0.4.RELEASE.jar;C:\Users\cheti\.m2\repository\org\springframework\boot\spring-boot-starter-web\2.7.2\spring-boot-starter-web-2.7.2.jar;C:\Users\cheti\.m2\repository\org\springframework\boot\spring-boo
Launcher Type: SUN_STANDARD

[Global flags]
     intx CICompilerCount                          = 3                                         {product} {ergonomic}
     uint ConcGCThreads                            = 1                                         {product} {ergonomic}
     uint G1ConcRefinementThreads                  = 4                                         {product} {ergonomic}
   size_t G1HeapRegionSize                         = 1048576                                   {product} {ergonomic}
    uintx GCDrainStackTargetSize                   = 64                                        {product} {ergonomic}
   size_t InitialHeapSize                          = 62914560                                  {product} {ergonomic}
   size_t MarkStackSize                            = 4194304                                   {product} {ergonomic}
   size_t MaxHeapSize                              = 996147200                                 {product} {ergonomic}
   size_t MaxNewSize                               = 597688320                                 {product} {ergonomic}
   size_t MinHeapDeltaBytes                        = 1048576                                   {product} {ergonomic}
   size_t MinHeapSize                              = 8388608                                   {product} {ergonomic}
    uintx NonNMethodCodeHeapSize                   = 5832780                                {pd product} {ergonomic}
    uintx NonProfiledCodeHeapSize                  = 122912730                              {pd product} {ergonomic}
    uintx ProfiledCodeHeapSize                     = 122912730                              {pd product} {ergonomic}
    uintx ReservedCodeCacheSize                    = 251658240                              {pd product} {ergonomic}
     bool SegmentedCodeCache                       = true                                      {product} {ergonomic}
     bool ShowCodeDetailsInExceptionMessages       = true                                   {manageable} {command line}
   size_t SoftMaxHeapSize                          = 996147200                              {manageable} {ergonomic}
     bool UseCompressedClassPointers               = true                           {product lp64_product} {ergonomic}
     bool UseCompressedOops                        = true                           {product lp64_product} {ergonomic}
     bool UseG1GC                                  = true                                      {product} {ergonomic}
     bool UseLargePagesIndividualAllocation        = false                                  {pd product} {ergonomic}

Logging:
Log output configuration:
 #0: stdout all=warning uptime,level,tags
 #1: stderr all=off uptime,level,tags

Environment Variables:
PATH=C:/Users/cheti/Downloads/sts-4.15.2.RELEASE//plugins/org.eclipse.justj.openjdk.hotspot.jre.full.win32.x86_64_17.0.3.v20220515-1416/jre/bin/server;C:/Users/cheti/Downloads/sts-4.15.2.RELEASE//plugins/org.eclipse.justj.openjdk.hotspot.jre.full.win32.x86_64_17.0.3.v20220515-1416/jre/bin;C:\Program Files (x86)\Java\jdk1.8.0_333\bin;C:\Program Files\nodejs\;C:\curl-win64-latest\curl-7.83.1_3-win64-mingw\bin;C:\Program Files\MySQL\MySQL Shell 8.0\bin\;C:\Users\cheti\AppData\Local\Programs\Python\Python39\Scripts\;C:\Users\cheti\AppData\Local\Programs\Python\Python39\;C:\Program Files\MySQL\MySQL Server 8.0\bin;C:\Users\cheti\AppData\Local\Microsoft\WindowsApps;C:\Users\cheti\AppData\Local\Yarn\bin;C:\Program Files\Maven\apache-maven-3.8.6\bin;;C:\Users\cheti\AppData\Local\Programs\Microsoft VS Code\bin;C:\Users\cheti\AppData\Roaming\npm;C:\Users\cheti\Downloads\sts-4.15.2.RELEASE;
USERNAME=cheti
OS=Windows_NT
PROCESSOR_IDENTIFIER=Intel64 Family 6 Model 78 Stepping 3, GenuineIntel



---------------  S Y S T E M  ---------------

OS:
 Windows 10 , 64 bit Build 19041 (10.0.19041.1806)
OS uptime: 13 days 6:49 hours

CPU: total 4 (initial active 4) (2 cores per cpu, 2 threads per core) family 6 model 78 stepping 3 microcode 0xcc, cx8, cmov, fxsr, ht, mmx, 3dnowpref, sse, sse2, sse3, ssse3, sse4.1, sse4.2, popcnt, lzcnt, tsc, tscinvbit, avx, avx2, aes, erms, clmul, bmi1, bmi2, adx, fma, vzeroupper, clflush, clflushopt

Memory: 4k page, system-wide physical 3795M (486M free)
TotalPageFile size 8759M (AvailPageFile size 6M)
current process WorkingSet (physical memory assigned to process): 97M, peak: 140M
current process commit charge ("private bytes"): 144M, peak: 164M

vm_info: OpenJDK 64-Bit Server VM (17.0.3+7) for windows-amd64 JRE (17.0.3+7), built on Apr 19 2022 16:55:35 by "" with MS VC++ 16.7 (VS2019)

END.
